Build started 27/11/2015 15:38:38.
     1>Project "C:\GoogleDrive\2016_GP_Lectures\L2_C++Programming\SourceCode\Cpp6_Classes\Cpp6_Classes\Cpp6_Classes.vcxproj" on node 2 (Build target(s)).
     1>ClCompile:
         C:\Program Files (x86)\Microsoft Visual Studio 14.0\VC\bin\CL.exe /c /ZI /nologo /W3 /WX- /sdl /Od /Oy- /D _MBCS /Gm /EHsc /RTC1 /MDd /GS /fp:precise /Zc:wchar_t /Zc:forScope /Zc:inline /Fo"Debug\\" /Fd"Debug\vc140.pdb" /Gd /TP /analyze- /errorReport:prompt intro.cpp source.cpp universe.cpp world.cpp
         world.cpp
         universe.cpp
         source.cpp
     1>c:\googledrive\2016_gp_lectures\l2_c++programming\sourcecode\cpp6_classes\cpp6_classes\source.cpp(55): warning C4018: '<': signed/unsigned mismatch
         intro.cpp
         Generating Code...
       Link:
         C:\Program Files (x86)\Microsoft Visual Studio 14.0\VC\bin\link.exe /ERRORREPORT:PROMPT /OUT:"C:\GoogleDrive\2016_GP_Lectures\L2_C++Programming\SourceCode\Cpp6_Classes\Debug\Cpp6_Classes.exe" /INCREMENTAL /NOLOGO kernel32.lib user32.lib gdi32.lib winspool.lib comdlg32.lib advapi32.lib shell32.lib ole32.lib oleaut32.lib uuid.lib odbc32.lib odbccp32.lib /MANIFEST /MANIFESTUAC:"level='asInvoker' uiAccess='false'" /manifest:embed /Debug /PDB:"C:\GoogleDrive\2016_GP_Lectures\L2_C++Programming\SourceCode\Cpp6_Classes\Debug\Cpp6_Classes.pdb" /TLBID:1 /DYNAMICBASE /NXCOMPAT /IMPLIB:"C:\GoogleDrive\2016_GP_Lectures\L2_C++Programming\SourceCode\Cpp6_Classes\Debug\Cpp6_Classes.lib" /MACHINE:X86 Debug\intro.obj
         Debug\source.obj
         Debug\universe.obj
         Debug\world.obj
         LINK : C:\GoogleDrive\2016_GP_Lectures\L2_C++Programming\SourceCode\Cpp6_Classes\Debug\Cpp6_Classes.exe not found or not built by the last incremental link; performing full link
         Cpp6_Classes.vcxproj -> C:\GoogleDrive\2016_GP_Lectures\L2_C++Programming\SourceCode\Cpp6_Classes\Debug\Cpp6_Classes.exe
     1>Done Building Project "C:\GoogleDrive\2016_GP_Lectures\L2_C++Programming\SourceCode\Cpp6_Classes\Cpp6_Classes\Cpp6_Classes.vcxproj" (Build target(s)).

Build succeeded.

Time Elapsed 00:00:05.12
